<?xml version="1.0" encoding="UTF-8"?>
<!-- Generated by org.testng.reporters.JUnitXMLReporter -->
<testsuite ignored="2" hostname="DESKTOP-M3ANAKJ" failures="0" tests="1" name="Default test" time="0.55" errors="0" timestamp="11 Mar 2024 10:54:15 GMT">
  <testcase classname="com.adactinhotel.qa.testcases.BookAHotelPageTest" name="userDetailsTest" time="0.0">
    <skipped/>
  </testcase> <!-- userDetailsTest -->
  <testcase classname="com.adactinhotel.qa.testcases.BookAHotelPageTest" name="bookAHotelPageTitleTest" time="0.0">
    <ignored/>
  </testcase> <!-- bookAHotelPageTitleTest -->
  <testcase classname="com.adactinhotel.qa.testcases.BookAHotelPageTest" name="ceritcardDetailsTest" time="0.0">
    <ignored/>
  </testcase> <!-- ceritcardDetailsTest -->
</testsuite> <!-- Default test -->
