<?xml version="1.0" encoding="UTF-8"?>
<!-- Generated by org.testng.reporters.JUnitXMLReporter -->
<testsuite ignored="2" hostname="DESKTOP-M3ANAKJ" failures="0" tests="2" name="Default test" time="7.915" errors="0" timestamp="07 Mar 2024 06:37:27 GMT">
  <testcase classname="com.adactinhotel.qa.testcases.BookAHotelPageTest" name="userDetailsTest" time="0.359"/>
  <testcase classname="com.adactinhotel.qa.testcases.BookAHotelPageTest" name="userDetailsTest" time="0.308"/>
  <testcase classname="com.adactinhotel.qa.testcases.BookAHotelPageTest" name="bookAHotelPageTitleTest" time="0.0">
    <ignored/>
  </testcase> <!-- bookAHotelPageTitleTest -->
  <testcase classname="com.adactinhotel.qa.testcases.BookAHotelPageTest" name="ceritcardDetailsTest" time="0.0">
    <ignored/>
  </testcase> <!-- ceritcardDetailsTest -->
</testsuite> <!-- Default test -->
