<?xml version="1.0" encoding="UTF-8"?>
<!-- Generated by org.testng.reporters.JUnitXMLReporter -->
<testsuite ignored="0" hostname="DESKTOP-M3ANAKJ" failures="0" tests="9" name="Adactin Hotel app Test Cases" time="66.875" errors="0" timestamp="06 Mar 2024 04:16:01 GMT">
  <testcase classname="com.adactinhotel.qa.testcases.BookAHotelPageTest" name="bookAHotelPageTitleTest" time="0.044"/>
  <testcase classname="com.adactinhotel.qa.testcases.BookAHotelPageTest" name="ceritcardDetailsTest" time="0.908"/>
  <testcase classname="com.adactinhotel.qa.testcases.BookAHotelPageTest" name="userDetailsTest" time="0.711"/>
  <testcase classname="com.adactinhotel.qa.testcases.BookingConfirmationPageTest" name="MyItinerary" time="17.613"/>
  <testcase classname="com.adactinhotel.qa.testcases.BookingConfirmationPageTest" name="OrderNoTest" time="5.327"/>
  <testcase classname="com.adactinhotel.qa.testcases.BookingConfirmationPageTest" name="bookingConfirmationPageTitleTest" time="0.015"/>
  <testcase classname="com.adactinhotel.qa.testcases.SearchHotelTest" name="searchHotelPageTitleTest" time="0.182"/>
  <testcase classname="com.adactinhotel.qa.testcases.SearchHotelTest" name="userName" time="0.172"/>
  <testcase classname="com.adactinhotel.qa.testcases.SelectHotelPageTest" name="selectHotelPageTitleTest" time="0.031"/>
</testsuite> <!-- Adactin Hotel app Test Cases -->
