<?xml version="1.0" encoding="UTF-8"?>
<!-- Generated by org.testng.reporters.JUnitXMLReporter -->
<testsuite ignored="0" hostname="DESKTOP-M3ANAKJ" failures="0" tests="10" name="Adactin Hotel app Test Cases" time="47.108" errors="0" timestamp="10 Mar 2024 23:56:52 GMT">
  <testcase classname="com.adactinhotel.qa.testcases.BookAHotelPageTest" name="bookAHotelPageTitleTest" time="0.027"/>
  <testcase classname="com.adactinhotel.qa.testcases.BookAHotelPageTest" name="ceritcardDetailsTest" time="0.332"/>
  <testcase classname="com.adactinhotel.qa.testcases.BookAHotelPageTest" name="userDetailsTest" time="0.335"/>
  <testcase classname="com.adactinhotel.qa.testcases.BookAHotelPageTest" name="userDetailsTest" time="0.335"/>
  <testcase classname="com.adactinhotel.qa.testcases.BookingConfirmationPageTest" name="MyItinerary" time="5.899"/>
  <testcase classname="com.adactinhotel.qa.testcases.BookingConfirmationPageTest" name="OrderNoTest" time="5.276"/>
  <testcase classname="com.adactinhotel.qa.testcases.BookingConfirmationPageTest" name="bookingConfirmationPageTitleTest" time="0.009"/>
  <testcase classname="com.adactinhotel.qa.testcases.SearchHotelTest" name="searchHotelPageTitleTest" time="0.089"/>
  <testcase classname="com.adactinhotel.qa.testcases.SearchHotelTest" name="userName" time="0.053"/>
  <testcase classname="com.adactinhotel.qa.testcases.SelectHotelPageTest" name="selectHotelPageTitleTest" time="0.011"/>
</testsuite> <!-- Adactin Hotel app Test Cases -->
